00:00.234  blend            | Read blend: "C:\Users\John\PycharmProjects\PythonProject\blender\dart-view.blend"
C:\Users\John\PycharmProjects\PythonProject\generate_yolo_dataset.py:160: DeprecationWarning: 'World.use_nodes' is expected to be removed in Blender 6.0
  if world is None or not world.use_nodes:
00:01.437  render           | Saved: 'C:\Users\John\PycharmProjects\PythonProject\dataset-multi-dart\images\train\000500_Camera_Left.jpg'
00:01.516  render           | Saved: 'C:\Users\John\PycharmProjects\PythonProject\dataset-multi-dart\images\train\000500_Camera_Right.jpg'
C:\Users\John\PycharmProjects\PythonProject\generate_yolo_dataset.py:220: DeprecationWarning: 'Material.use_nodes' is expected to be removed in Blender 6.0
  if not mat.use_nodes:
00:01.594  render           | Saved: 'C:\Users\John\PycharmProjects\PythonProject\dataset-multi-dart\images\train\000501_Camera_Left.jpg'
00:01.844  render           | Saved: 'C:\Users\John\PycharmProjects\PythonProject\dataset-multi-dart\images\train\000501_Camera_Right.jpg'
00:02.094  render           | Saved: 'C:\Users\John\PycharmProjects\PythonProject\dataset-multi-dart\images\train\000502_Camera_Left.jpg'
00:02.359  render           | Saved: 'C:\Users\John\PycharmProjects\PythonProject\dataset-multi-dart\images\train\000502_Camera_Right.jpg'
00:02.562  render           | Saved: 'C:\Users\John\PycharmProjects\PythonProject\dataset-multi-dart\images\train\000503_Camera_Left.jpg'
00:02.641  render           | Saved: 'C:\Users\John\PycharmProjects\PythonProject\dataset-multi-dart\images\train\000503_Camera_Right.jpg'
00:02.719  render           | Saved: 'C:\Users\John\PycharmProjects\PythonProject\dataset-multi-dart\images\train\000504_Camera_Left.jpg'
00:02.781  render           | Saved: 'C:\Users\John\PycharmProjects\PythonProject\dataset-multi-dart\images\train\000504_Camera_Right.jpg'
00:02.859  render           | Saved: 'C:\Users\John\PycharmProjects\PythonProject\dataset-multi-dart\images\train\000505_Camera_Left.jpg'
00:03.109  render           | Saved: 'C:\Users\John\PycharmProjects\PythonProject\dataset-multi-dart\images\train\000505_Camera_Right.jpg'
00:03.359  render           | Saved: 'C:\Users\John\PycharmProjects\PythonProject\dataset-multi-dart\images\train\000506_Camera_Left.jpg'
00:03.578  render           | Saved: 'C:\Users\John\PycharmProjects\PythonProject\dataset-multi-dart\images\train\000506_Camera_Right.jpg'
00:03.797  render           | Saved: 'C:\Users\John\PycharmProjects\PythonProject\dataset-multi-dart\images\train\000507_Camera_Left.jpg'
00:03.859  render           | Saved: 'C:\Users\John\PycharmProjects\PythonProject\dataset-multi-dart\images\train\000507_Camera_Right.jpg'
00:03.922  render           | Saved: 'C:\Users\John\PycharmProjects\PythonProject\dataset-multi-dart\images\train\000508_Camera_Left.jpg'
00:04.016  render           | Saved: 'C:\Users\John\PycharmProjects\PythonProject\dataset-multi-dart\images\train\000508_Camera_Right.jpg'
00:04.109  render           | Saved: 'C:\Users\John\PycharmProjects\PythonProject\dataset-multi-dart\images\train\000509_Camera_Left.jpg'
00:04.375  render           | Saved: 'C:\Users\John\PycharmProjects\PythonProject\dataset-multi-dart\images\train\000509_Camera_Right.jpg'
00:04.625  render           | Saved: 'C:\Users\John\PycharmProjects\PythonProject\dataset-multi-dart\images\train\000510_Camera_Left.jpg'
00:04.703  render           | Saved: 'C:\Users\John\PycharmProjects\PythonProject\dataset-multi-dart\images\train\000510_Camera_Right.jpg'
00:04.781  render           | Saved: 'C:\Users\John\PycharmProjects\PythonProject\dataset-multi-dart\images\train\000511_Camera_Left.jpg'
00:05.062  render           | Saved: 'C:\Users\John\PycharmProjects\PythonProject\dataset-multi-dart\images\train\000511_Camera_Right.jpg'
00:05.344  render           | Saved: 'C:\Users\John\PycharmProjects\PythonProject\dataset-multi-dart\images\train\000512_Camera_Left.jpg'
00:05.422  render           | Saved: 'C:\Users\John\PycharmProjects\PythonProject\dataset-multi-dart\images\train\000512_Camera_Right.jpg'
00:05.516  render           | Saved: 'C:\Users\John\PycharmProjects\PythonProject\dataset-multi-dart\images\train\000513_Camera_Left.jpg'
00:05.766  render           | Saved: 'C:\Users\John\PycharmProjects\PythonProject\dataset-multi-dart\images\train\000513_Camera_Right.jpg'
00:06.062  render           | Saved: 'C:\Users\John\PycharmProjects\PythonProject\dataset-multi-dart\images\train\000514_Camera_Left.jpg'
00:06.312  render           | Saved: 'C:\Users\John\PycharmProjects\PythonProject\dataset-multi-dart\images\train\000514_Camera_Right.jpg'
00:06.562  render           | Saved: 'C:\Users\John\PycharmProjects\PythonProject\dataset-multi-dart\images\train\000515_Camera_Left.jpg'
00:06.656  render           | Saved: 'C:\Users\John\PycharmProjects\PythonProject\dataset-multi-dart\images\train\000515_Camera_Right.jpg'
00:06.734  render           | Saved: 'C:\Users\John\PycharmProjects\PythonProject\dataset-multi-dart\images\train\000516_Camera_Left.jpg'
00:06.812  render           | Saved: 'C:\Users\John\PycharmProjects\PythonProject\dataset-multi-dart\images\train\000516_Camera_Right.jpg'
00:06.875  render           | Saved: 'C:\Users\John\PycharmProjects\PythonProject\dataset-multi-dart\images\train\000517_Camera_Left.jpg'
00:06.969  render           | Saved: 'C:\Users\John\PycharmProjects\PythonProject\dataset-multi-dart\images\train\000517_Camera_Right.jpg'
00:07.062  render           | Saved: 'C:\Users\John\PycharmProjects\PythonProject\dataset-multi-dart\images\train\000518_Camera_Left.jpg'
00:07.328  render           | Saved: 'C:\Users\John\PycharmProjects\PythonProject\dataset-multi-dart\images\train\000518_Camera_Right.jpg'
00:07.594  render           | Saved: 'C:\Users\John\PycharmProjects\PythonProject\dataset-multi-dart\images\train\000519_Camera_Left.jpg'
00:07.687  render           | Saved: 'C:\Users\John\PycharmProjects\PythonProject\dataset-multi-dart\images\train\000519_Camera_Right.jpg'
00:07.797  render           | Saved: 'C:\Users\John\PycharmProjects\PythonProject\dataset-multi-dart\images\train\000520_Camera_Left.jpg'
00:07.875  render           | Saved: 'C:\Users\John\PycharmProjects\PythonProject\dataset-multi-dart\images\train\000520_Camera_Right.jpg'
00:07.984  render           | Saved: 'C:\Users\John\PycharmProjects\PythonProject\dataset-multi-dart\images\train\000521_Camera_Left.jpg'
00:08.250  render           | Saved: 'C:\Users\John\PycharmProjects\PythonProject\dataset-multi-dart\images\train\000521_Camera_Right.jpg'
00:08.484  render           | Saved: 'C:\Users\John\PycharmProjects\PythonProject\dataset-multi-dart\images\train\000522_Camera_Left.jpg'
00:08.547  render           | Saved: 'C:\Users\John\PycharmProjects\PythonProject\dataset-multi-dart\images\train\000522_Camera_Right.jpg'
00:08.641  render           | Saved: 'C:\Users\John\PycharmProjects\PythonProject\dataset-multi-dart\images\train\000523_Camera_Left.jpg'
00:08.719  render           | Saved: 'C:\Users\John\PycharmProjects\PythonProject\dataset-multi-dart\images\train\000523_Camera_Right.jpg'
00:08.781  render           | Saved: 'C:\Users\John\PycharmProjects\PythonProject\dataset-multi-dart\images\train\000524_Camera_Left.jpg'
00:09.031  render           | Saved: 'C:\Users\John\PycharmProjects\PythonProject\dataset-multi-dart\images\train\000524_Camera_Right.jpg'
00:09.266  render           | Saved: 'C:\Users\John\PycharmProjects\PythonProject\dataset-multi-dart\images\train\000525_Camera_Left.jpg'
00:09.344  render           | Saved: 'C:\Users\John\PycharmProjects\PythonProject\dataset-multi-dart\images\train\000525_Camera_Right.jpg'
00:09.422  render           | Saved: 'C:\Users\John\PycharmProjects\PythonProject\dataset-multi-dart\images\train\000526_Camera_Left.jpg'
00:09.531  render           | Saved: 'C:\Users\John\PycharmProjects\PythonProject\dataset-multi-dart\images\train\000526_Camera_Right.jpg'
00:09.687  render           | Saved: 'C:\Users\John\PycharmProjects\PythonProject\dataset-multi-dart\images\train\000527_Camera_Left.jpg'
00:10.250  render           | Saved: 'C:\Users\John\PycharmProjects\PythonProject\dataset-multi-dart\images\train\000527_Camera_Right.jpg'
00:10.500  render           | Saved: 'C:\Users\John\PycharmProjects\PythonProject\dataset-multi-dart\images\train\000528_Camera_Left.jpg'
00:10.578  render           | Saved: 'C:\Users\John\PycharmProjects\PythonProject\dataset-multi-dart\images\train\000528_Camera_Right.jpg'
00:10.656  render           | Saved: 'C:\Users\John\PycharmProjects\PythonProject\dataset-multi-dart\images\train\000529_Camera_Left.jpg'
00:10.906  render           | Saved: 'C:\Users\John\PycharmProjects\PythonProject\dataset-multi-dart\images\train\000529_Camera_Right.jpg'
00:11.219  render           | Saved: 'C:\Users\John\PycharmProjects\PythonProject\dataset-multi-dart\images\train\000530_Camera_Left.jpg'
00:11.344  render           | Saved: 'C:\Users\John\PycharmProjects\PythonProject\dataset-multi-dart\images\train\000530_Camera_Right.jpg'
00:11.484  render           | Saved: 'C:\Users\John\PycharmProjects\PythonProject\dataset-multi-dart\images\train\000531_Camera_Left.jpg'
00:11.562  render           | Saved: 'C:\Users\John\PycharmProjects\PythonProject\dataset-multi-dart\images\train\000531_Camera_Right.jpg'
00:11.641  render           | Saved: 'C:\Users\John\PycharmProjects\PythonProject\dataset-multi-dart\images\train\000532_Camera_Left.jpg'
00:11.766  render           | Saved: 'C:\Users\John\PycharmProjects\PythonProject\dataset-multi-dart\images\train\000532_Camera_Right.jpg'
00:11.844  render           | Saved: 'C:\Users\John\PycharmProjects\PythonProject\dataset-multi-dart\images\train\000533_Camera_Left.jpg'
00:12.156  render           | Saved: 'C:\Users\John\PycharmProjects\PythonProject\dataset-multi-dart\images\train\000533_Camera_Right.jpg'
00:12.422  render           | Saved: 'C:\Users\John\PycharmProjects\PythonProject\dataset-multi-dart\images\train\000534_Camera_Left.jpg'
00:12.516  render           | Saved: 'C:\Users\John\PycharmProjects\PythonProject\dataset-multi-dart\images\train\000534_Camera_Right.jpg'
00:12.594  render           | Saved: 'C:\Users\John\PycharmProjects\PythonProject\dataset-multi-dart\images\train\000535_Camera_Left.jpg'
00:12.672  render           | Saved: 'C:\Users\John\PycharmProjects\PythonProject\dataset-multi-dart\images\train\000535_Camera_Right.jpg'
00:12.766  render           | Saved: 'C:\Users\John\PycharmProjects\PythonProject\dataset-multi-dart\images\train\000536_Camera_Left.jpg'
00:13.016  render           | Saved: 'C:\Users\John\PycharmProjects\PythonProject\dataset-multi-dart\images\train\000536_Camera_Right.jpg'
00:13.297  render           | Saved: 'C:\Users\John\PycharmProjects\PythonProject\dataset-multi-dart\images\train\000537_Camera_Left.jpg'
00:13.437  render           | Saved: 'C:\Users\John\PycharmProjects\PythonProject\dataset-multi-dart\images\train\000537_Camera_Right.jpg'
00:13.531  render           | Saved: 'C:\Users\John\PycharmProjects\PythonProject\dataset-multi-dart\images\train\000538_Camera_Left.jpg'
00:13.609  render           | Saved: 'C:\Users\John\PycharmProjects\PythonProject\dataset-multi-dart\images\train\000538_Camera_Right.jpg'
00:13.734  render           | Saved: 'C:\Users\John\PycharmProjects\PythonProject\dataset-multi-dart\images\train\000539_Camera_Left.jpg'
00:13.797  render           | Saved: 'C:\Users\John\PycharmProjects\PythonProject\dataset-multi-dart\images\train\000539_Camera_Right.jpg'
00:13.906  render           | Saved: 'C:\Users\John\PycharmProjects\PythonProject\dataset-multi-dart\images\train\000540_Camera_Left.jpg'
00:14.187  render           | Saved: 'C:\Users\John\PycharmProjects\PythonProject\dataset-multi-dart\images\train\000540_Camera_Right.jpg'
00:14.422  render           | Saved: 'C:\Users\John\PycharmProjects\PythonProject\dataset-multi-dart\images\train\000541_Camera_Left.jpg'
00:14.656  render           | Saved: 'C:\Users\John\PycharmProjects\PythonProject\dataset-multi-dart\images\train\000541_Camera_Right.jpg'
00:14.953  render           | Saved: 'C:\Users\John\PycharmProjects\PythonProject\dataset-multi-dart\images\train\000542_Camera_Left.jpg'
00:15.219  render           | Saved: 'C:\Users\John\PycharmProjects\PythonProject\dataset-multi-dart\images\train\000542_Camera_Right.jpg'
00:15.453  render           | Saved: 'C:\Users\John\PycharmProjects\PythonProject\dataset-multi-dart\images\train\000543_Camera_Left.jpg'
00:15.562  render           | Saved: 'C:\Users\John\PycharmProjects\PythonProject\dataset-multi-dart\images\train\000543_Camera_Right.jpg'
00:15.641  render           | Saved: 'C:\Users\John\PycharmProjects\PythonProject\dataset-multi-dart\images\train\000544_Camera_Left.jpg'
00:15.734  render           | Saved: 'C:\Users\John\PycharmProjects\PythonProject\dataset-multi-dart\images\train\000544_Camera_Right.jpg'
00:15.828  render           | Saved: 'C:\Users\John\PycharmProjects\PythonProject\dataset-multi-dart\images\train\000545_Camera_Left.jpg'
00:15.906  render           | Saved: 'C:\Users\John\PycharmProjects\PythonProject\dataset-multi-dart\images\train\000545_Camera_Right.jpg'
00:16.000  render           | Saved: 'C:\Users\John\PycharmProjects\PythonProject\dataset-multi-dart\images\train\000546_Camera_Left.jpg'
00:16.125  render           | Saved: 'C:\Users\John\PycharmProjects\PythonProject\dataset-multi-dart\images\train\000546_Camera_Right.jpg'
00:16.234  render           | Saved: 'C:\Users\John\PycharmProjects\PythonProject\dataset-multi-dart\images\train\000547_Camera_Left.jpg'
00:16.484  render           | Saved: 'C:\Users\John\PycharmProjects\PythonProject\dataset-multi-dart\images\train\000547_Camera_Right.jpg'
00:16.719  render           | Saved: 'C:\Users\John\PycharmProjects\PythonProject\dataset-multi-dart\images\train\000548_Camera_Left.jpg'
00:16.937  render           | Saved: 'C:\Users\John\PycharmProjects\PythonProject\dataset-multi-dart\images\train\000548_Camera_Right.jpg'
00:17.219  render           | Saved: 'C:\Users\John\PycharmProjects\PythonProject\dataset-multi-dart\images\train\000549_Camera_Left.jpg'
00:17.437  render           | Saved: 'C:\Users\John\PycharmProjects\PythonProject\dataset-multi-dart\images\train\000549_Camera_Right.jpg'
00:17.687  render           | Saved: 'C:\Users\John\PycharmProjects\PythonProject\dataset-multi-dart\images\train\000550_Camera_Left.jpg'
00:17.922  render           | Saved: 'C:\Users\John\PycharmProjects\PythonProject\dataset-multi-dart\images\train\000550_Camera_Right.jpg'
00:18.234  render           | Saved: 'C:\Users\John\PycharmProjects\PythonProject\dataset-multi-dart\images\train\000551_Camera_Left.jpg'
00:18.344  render           | Saved: 'C:\Users\John\PycharmProjects\PythonProject\dataset-multi-dart\images\train\000551_Camera_Right.jpg'
00:18.453  render           | Saved: 'C:\Users\John\PycharmProjects\PythonProject\dataset-multi-dart\images\train\000552_Camera_Left.jpg'
00:18.547  render           | Saved: 'C:\Users\John\PycharmProjects\PythonProject\dataset-multi-dart\images\train\000552_Camera_Right.jpg'
00:18.625  render           | Saved: 'C:\Users\John\PycharmProjects\PythonProject\dataset-multi-dart\images\train\000553_Camera_Left.jpg'
00:18.750  render           | Saved: 'C:\Users\John\PycharmProjects\PythonProject\dataset-multi-dart\images\train\000553_Camera_Right.jpg'
00:18.891  render           | Saved: 'C:\Users\John\PycharmProjects\PythonProject\dataset-multi-dart\images\train\000554_Camera_Left.jpg'
00:19.000  render           | Saved: 'C:\Users\John\PycharmProjects\PythonProject\dataset-multi-dart\images\train\000554_Camera_Right.jpg'
00:19.109  render           | Saved: 'C:\Users\John\PycharmProjects\PythonProject\dataset-multi-dart\images\train\000555_Camera_Left.jpg'
00:19.203  render           | Saved: 'C:\Users\John\PycharmProjects\PythonProject\dataset-multi-dart\images\train\000555_Camera_Right.jpg'
00:19.297  render           | Saved: 'C:\Users\John\PycharmProjects\PythonProject\dataset-multi-dart\images\train\000556_Camera_Left.jpg'
00:19.406  render           | Saved: 'C:\Users\John\PycharmProjects\PythonProject\dataset-multi-dart\images\train\000556_Camera_Right.jpg'
00:19.516  render           | Saved: 'C:\Users\John\PycharmProjects\PythonProject\dataset-multi-dart\images\train\000557_Camera_Left.jpg'
00:19.656  render           | Saved: 'C:\Users\John\PycharmProjects\PythonProject\dataset-multi-dart\images\train\000557_Camera_Right.jpg'
00:19.719  render           | Saved: 'C:\Users\John\PycharmProjects\PythonProject\dataset-multi-dart\images\train\000558_Camera_Left.jpg'
00:19.781  render           | Saved: 'C:\Users\John\PycharmProjects\PythonProject\dataset-multi-dart\images\train\000558_Camera_Right.jpg'
00:19.859  render           | Saved: 'C:\Users\John\PycharmProjects\PythonProject\dataset-multi-dart\images\train\000559_Camera_Left.jpg'
00:19.969  render           | Saved: 'C:\Users\John\PycharmProjects\PythonProject\dataset-multi-dart\images\train\000559_Camera_Right.jpg'
00:20.047  render           | Saved: 'C:\Users\John\PycharmProjects\PythonProject\dataset-multi-dart\images\train\000560_Camera_Left.jpg'
00:20.312  render           | Saved: 'C:\Users\John\PycharmProjects\PythonProject\dataset-multi-dart\images\train\000560_Camera_Right.jpg'
00:20.609  render           | Saved: 'C:\Users\John\PycharmProjects\PythonProject\dataset-multi-dart\images\train\000561_Camera_Left.jpg'
00:20.906  render           | Saved: 'C:\Users\John\PycharmProjects\PythonProject\dataset-multi-dart\images\train\000561_Camera_Right.jpg'
00:21.234  render           | Saved: 'C:\Users\John\PycharmProjects\PythonProject\dataset-multi-dart\images\train\000562_Camera_Left.jpg'
00:21.531  render           | Saved: 'C:\Users\John\PycharmProjects\PythonProject\dataset-multi-dart\images\train\000562_Camera_Right.jpg'
00:21.781  render           | Saved: 'C:\Users\John\PycharmProjects\PythonProject\dataset-multi-dart\images\train\000563_Camera_Left.jpg'
00:21.875  render           | Saved: 'C:\Users\John\PycharmProjects\PythonProject\dataset-multi-dart\images\train\000563_Camera_Right.jpg'
00:21.969  render           | Saved: 'C:\Users\John\PycharmProjects\PythonProject\dataset-multi-dart\images\train\000564_Camera_Left.jpg'
00:22.078  render           | Saved: 'C:\Users\John\PycharmProjects\PythonProject\dataset-multi-dart\images\train\000564_Camera_Right.jpg'
00:22.187  render           | Saved: 'C:\Users\John\PycharmProjects\PythonProject\dataset-multi-dart\images\train\000565_Camera_Left.jpg'
00:22.500  render           | Saved: 'C:\Users\John\PycharmProjects\PythonProject\dataset-multi-dart\images\train\000565_Camera_Right.jpg'
00:22.812  render           | Saved: 'C:\Users\John\PycharmProjects\PythonProject\dataset-multi-dart\images\train\000566_Camera_Left.jpg'
00:23.062  render           | Saved: 'C:\Users\John\PycharmProjects\PythonProject\dataset-multi-dart\images\train\000566_Camera_Right.jpg'
00:23.391  render           | Saved: 'C:\Users\John\PycharmProjects\PythonProject\dataset-multi-dart\images\train\000567_Camera_Left.jpg'
00:23.703  render           | Saved: 'C:\Users\John\PycharmProjects\PythonProject\dataset-multi-dart\images\train\000567_Camera_Right.jpg'
00:23.969  render           | Saved: 'C:\Users\John\PycharmProjects\PythonProject\dataset-multi-dart\images\train\000568_Camera_Left.jpg'
00:24.328  render           | Saved: 'C:\Users\John\PycharmProjects\PythonProject\dataset-multi-dart\images\train\000568_Camera_Right.jpg'
00:24.594  render           | Saved: 'C:\Users\John\PycharmProjects\PythonProject\dataset-multi-dart\images\train\000569_Camera_Left.jpg'
00:24.859  render           | Saved: 'C:\Users\John\PycharmProjects\PythonProject\dataset-multi-dart\images\train\000569_Camera_Right.jpg'
00:25.141  render           | Saved: 'C:\Users\John\PycharmProjects\PythonProject\dataset-multi-dart\images\train\000570_Camera_Left.jpg'
00:25.219  render           | Saved: 'C:\Users\John\PycharmProjects\PythonProject\dataset-multi-dart\images\train\000570_Camera_Right.jpg'
00:25.328  render           | Saved: 'C:\Users\John\PycharmProjects\PythonProject\dataset-multi-dart\images\train\000571_Camera_Left.jpg'
00:25.422  render           | Saved: 'C:\Users\John\PycharmProjects\PythonProject\dataset-multi-dart\images\train\000571_Camera_Right.jpg'
00:25.531  render           | Saved: 'C:\Users\John\PycharmProjects\PythonProject\dataset-multi-dart\images\train\000572_Camera_Left.jpg'
00:25.625  render           | Saved: 'C:\Users\John\PycharmProjects\PythonProject\dataset-multi-dart\images\train\000572_Camera_Right.jpg'
00:25.734  render           | Saved: 'C:\Users\John\PycharmProjects\PythonProject\dataset-multi-dart\images\train\000573_Camera_Left.jpg'
00:25.984  render           | Saved: 'C:\Users\John\PycharmProjects\PythonProject\dataset-multi-dart\images\train\000573_Camera_Right.jpg'
00:26.297  render           | Saved: 'C:\Users\John\PycharmProjects\PythonProject\dataset-multi-dart\images\train\000574_Camera_Left.jpg'
00:26.406  render           | Saved: 'C:\Users\John\PycharmProjects\PythonProject\dataset-multi-dart\images\train\000574_Camera_Right.jpg'
00:26.531  render           | Saved: 'C:\Users\John\PycharmProjects\PythonProject\dataset-multi-dart\images\train\000575_Camera_Left.jpg'
00:26.812  render           | Saved: 'C:\Users\John\PycharmProjects\PythonProject\dataset-multi-dart\images\train\000575_Camera_Right.jpg'
00:27.094  render           | Saved: 'C:\Users\John\PycharmProjects\PythonProject\dataset-multi-dart\images\train\000576_Camera_Left.jpg'
00:27.375  render           | Saved: 'C:\Users\John\PycharmProjects\PythonProject\dataset-multi-dart\images\train\000576_Camera_Right.jpg'
00:27.641  render           | Saved: 'C:\Users\John\PycharmProjects\PythonProject\dataset-multi-dart\images\train\000577_Camera_Left.jpg'
00:27.750  render           | Saved: 'C:\Users\John\PycharmProjects\PythonProject\dataset-multi-dart\images\train\000577_Camera_Right.jpg'
00:27.844  render           | Saved: 'C:\Users\John\PycharmProjects\PythonProject\dataset-multi-dart\images\train\000578_Camera_Left.jpg'
00:27.953  render           | Saved: 'C:\Users\John\PycharmProjects\PythonProject\dataset-multi-dart\images\train\000578_Camera_Right.jpg'
00:28.062  render           | Saved: 'C:\Users\John\PycharmProjects\PythonProject\dataset-multi-dart\images\train\000579_Camera_Left.jpg'
00:28.187  render           | Saved: 'C:\Users\John\PycharmProjects\PythonProject\dataset-multi-dart\images\train\000579_Camera_Right.jpg'
00:28.281  render           | Saved: 'C:\Users\John\PycharmProjects\PythonProject\dataset-multi-dart\images\train\000580_Camera_Left.jpg'
00:28.375  render           | Saved: 'C:\Users\John\PycharmProjects\PythonProject\dataset-multi-dart\images\train\000580_Camera_Right.jpg'
00:28.484  render           | Saved: 'C:\Users\John\PycharmProjects\PythonProject\dataset-multi-dart\images\train\000581_Camera_Left.jpg'
00:28.578  render           | Saved: 'C:\Users\John\PycharmProjects\PythonProject\dataset-multi-dart\images\train\000581_Camera_Right.jpg'
00:28.687  render           | Saved: 'C:\Users\John\PycharmProjects\PythonProject\dataset-multi-dart\images\train\000582_Camera_Left.jpg'
00:28.812  render           | Saved: 'C:\Users\John\PycharmProjects\PythonProject\dataset-multi-dart\images\train\000582_Camera_Right.jpg'
00:28.937  render           | Saved: 'C:\Users\John\PycharmProjects\PythonProject\dataset-multi-dart\images\train\000583_Camera_Left.jpg'
00:29.078  render           | Saved: 'C:\Users\John\PycharmProjects\PythonProject\dataset-multi-dart\images\train\000583_Camera_Right.jpg'
00:29.172  render           | Saved: 'C:\Users\John\PycharmProjects\PythonProject\dataset-multi-dart\images\train\000584_Camera_Left.jpg'
00:29.297  render           | Saved: 'C:\Users\John\PycharmProjects\PythonProject\dataset-multi-dart\images\train\000584_Camera_Right.jpg'
00:29.391  render           | Saved: 'C:\Users\John\PycharmProjects\PythonProject\dataset-multi-dart\images\train\000585_Camera_Left.jpg'
00:29.484  render           | Saved: 'C:\Users\John\PycharmProjects\PythonProject\dataset-multi-dart\images\train\000585_Camera_Right.jpg'
00:29.578  render           | Saved: 'C:\Users\John\PycharmProjects\PythonProject\dataset-multi-dart\images\train\000586_Camera_Left.jpg'
00:29.844  render           | Saved: 'C:\Users\John\PycharmProjects\PythonProject\dataset-multi-dart\images\train\000586_Camera_Right.jpg'
00:30.141  render           | Saved: 'C:\Users\John\PycharmProjects\PythonProject\dataset-multi-dart\images\train\000587_Camera_Left.jpg'
00:30.234  render           | Saved: 'C:\Users\John\PycharmProjects\PythonProject\dataset-multi-dart\images\train\000587_Camera_Right.jpg'
00:30.312  render           | Saved: 'C:\Users\John\PycharmProjects\PythonProject\dataset-multi-dart\images\train\000588_Camera_Left.jpg'
00:30.406  render           | Saved: 'C:\Users\John\PycharmProjects\PythonProject\dataset-multi-dart\images\train\000588_Camera_Right.jpg'
00:30.516  render           | Saved: 'C:\Users\John\PycharmProjects\PythonProject\dataset-multi-dart\images\train\000589_Camera_Left.jpg'
00:30.797  render           | Saved: 'C:\Users\John\PycharmProjects\PythonProject\dataset-multi-dart\images\train\000589_Camera_Right.jpg'
00:31.141  render           | Saved: 'C:\Users\John\PycharmProjects\PythonProject\dataset-multi-dart\images\train\000590_Camera_Left.jpg'
00:31.281  render           | Saved: 'C:\Users\John\PycharmProjects\PythonProject\dataset-multi-dart\images\train\000590_Camera_Right.jpg'
00:31.422  render           | Saved: 'C:\Users\John\PycharmProjects\PythonProject\dataset-multi-dart\images\train\000591_Camera_Left.jpg'
00:31.719  render           | Saved: 'C:\Users\John\PycharmProjects\PythonProject\dataset-multi-dart\images\train\000591_Camera_Right.jpg'
00:31.984  render           | Saved: 'C:\Users\John\PycharmProjects\PythonProject\dataset-multi-dart\images\train\000592_Camera_Left.jpg'
00:32.094  render           | Saved: 'C:\Users\John\PycharmProjects\PythonProject\dataset-multi-dart\images\train\000592_Camera_Right.jpg'
00:32.203  render           | Saved: 'C:\Users\John\PycharmProjects\PythonProject\dataset-multi-dart\images\train\000593_Camera_Left.jpg'
00:32.281  render           | Saved: 'C:\Users\John\PycharmProjects\PythonProject\dataset-multi-dart\images\train\000593_Camera_Right.jpg'
00:32.359  render           | Saved: 'C:\Users\John\PycharmProjects\PythonProject\dataset-multi-dart\images\train\000594_Camera_Left.jpg'
00:32.641  render           | Saved: 'C:\Users\John\PycharmProjects\PythonProject\dataset-multi-dart\images\train\000594_Camera_Right.jpg'
00:32.937  render           | Saved: 'C:\Users\John\PycharmProjects\PythonProject\dataset-multi-dart\images\train\000595_Camera_Left.jpg'
00:33.062  render           | Saved: 'C:\Users\John\PycharmProjects\PythonProject\dataset-multi-dart\images\train\000595_Camera_Right.jpg'
00:33.172  render           | Saved: 'C:\Users\John\PycharmProjects\PythonProject\dataset-multi-dart\images\train\000596_Camera_Left.jpg'
00:33.266  render           | Saved: 'C:\Users\John\PycharmProjects\PythonProject\dataset-multi-dart\images\train\000596_Camera_Right.jpg'
00:33.375  render           | Saved: 'C:\Users\John\PycharmProjects\PythonProject\dataset-multi-dart\images\train\000597_Camera_Left.jpg'
00:33.484  render           | Saved: 'C:\Users\John\PycharmProjects\PythonProject\dataset-multi-dart\images\train\000597_Camera_Right.jpg'
00:33.609  render           | Saved: 'C:\Users\John\PycharmProjects\PythonProject\dataset-multi-dart\images\train\000598_Camera_Left.jpg'
00:33.875  render           | Saved: 'C:\Users\John\PycharmProjects\PythonProject\dataset-multi-dart\images\train\000598_Camera_Right.jpg'
00:34.141  render           | Saved: 'C:\Users\John\PycharmProjects\PythonProject\dataset-multi-dart\images\train\000599_Camera_Left.jpg'
00:34.234  render           | Saved: 'C:\Users\John\PycharmProjects\PythonProject\dataset-multi-dart\images\train\000599_Camera_Right.jpg'
00:34.312  render           | Saved: 'C:\Users\John\PycharmProjects\PythonProject\dataset-multi-dart\images\train\000600_Camera_Left.jpg'
00:34.547  render           | Saved: 'C:\Users\John\PycharmProjects\PythonProject\dataset-multi-dart\images\train\000600_Camera_Right.jpg'
00:34.781  render           | Saved: 'C:\Users\John\PycharmProjects\PythonProject\dataset-multi-dart\images\train\000601_Camera_Left.jpg'
00:35.047  render           | Saved: 'C:\Users\John\PycharmProjects\PythonProject\dataset-multi-dart\images\train\000601_Camera_Right.jpg'
00:35.312  render           | Saved: 'C:\Users\John\PycharmProjects\PythonProject\dataset-multi-dart\images\train\000602_Camera_Left.jpg'
00:35.531  render           | Saved: 'C:\Users\John\PycharmProjects\PythonProject\dataset-multi-dart\images\train\000602_Camera_Right.jpg'
00:35.781  render           | Saved: 'C:\Users\John\PycharmProjects\PythonProject\dataset-multi-dart\images\train\000603_Camera_Left.jpg'
00:35.906  render           | Saved: 'C:\Users\John\PycharmProjects\PythonProject\dataset-multi-dart\images\train\000603_Camera_Right.jpg'
00:36.000  render           | Saved: 'C:\Users\John\PycharmProjects\PythonProject\dataset-multi-dart\images\train\000604_Camera_Left.jpg'
00:36.266  render           | Saved: 'C:\Users\John\PycharmProjects\PythonProject\dataset-multi-dart\images\train\000604_Camera_Right.jpg'
00:36.531  render           | Saved: 'C:\Users\John\PycharmProjects\PythonProject\dataset-multi-dart\images\train\000605_Camera_Left.jpg'
00:36.781  render           | Saved: 'C:\Users\John\PycharmProjects\PythonProject\dataset-multi-dart\images\train\000605_Camera_Right.jpg'
00:37.062  render           | Saved: 'C:\Users\John\PycharmProjects\PythonProject\dataset-multi-dart\images\train\000606_Camera_Left.jpg'
00:37.375  render           | Saved: 'C:\Users\John\PycharmProjects\PythonProject\dataset-multi-dart\images\train\000606_Camera_Right.jpg'
00:37.703  render           | Saved: 'C:\Users\John\PycharmProjects\PythonProject\dataset-multi-dart\images\train\000607_Camera_Left.jpg'
00:37.781  render           | Saved: 'C:\Users\John\PycharmProjects\PythonProject\dataset-multi-dart\images\train\000607_Camera_Right.jpg'
00:37.891  render           | Saved: 'C:\Users\John\PycharmProjects\PythonProject\dataset-multi-dart\images\train\000608_Camera_Left.jpg'
00:38.141  render           | Saved: 'C:\Users\John\PycharmProjects\PythonProject\dataset-multi-dart\images\train\000608_Camera_Right.jpg'
00:38.406  render           | Saved: 'C:\Users\John\PycharmProjects\PythonProject\dataset-multi-dart\images\train\000609_Camera_Left.jpg'
00:38.500  render           | Saved: 'C:\Users\John\PycharmProjects\PythonProject\dataset-multi-dart\images\train\000609_Camera_Right.jpg'
00:38.594  render           | Saved: 'C:\Users\John\PycharmProjects\PythonProject\dataset-multi-dart\images\train\000610_Camera_Left.jpg'
00:38.672  render           | Saved: 'C:\Users\John\PycharmProjects\PythonProject\dataset-multi-dart\images\train\000610_Camera_Right.jpg'
00:38.750  render           | Saved: 'C:\Users\John\PycharmProjects\PythonProject\dataset-multi-dart\images\train\000611_Camera_Left.jpg'
00:38.844  render           | Saved: 'C:\Users\John\PycharmProjects\PythonProject\dataset-multi-dart\images\train\000611_Camera_Right.jpg'
00:38.922  render           | Saved: 'C:\Users\John\PycharmProjects\PythonProject\dataset-multi-dart\images\train\000612_Camera_Left.jpg'
00:39.000  render           | Saved: 'C:\Users\John\PycharmProjects\PythonProject\dataset-multi-dart\images\train\000612_Camera_Right.jpg'
00:39.125  render           | Saved: 'C:\Users\John\PycharmProjects\PythonProject\dataset-multi-dart\images\train\000613_Camera_Left.jpg'
00:39.234  render           | Saved: 'C:\Users\John\PycharmProjects\PythonProject\dataset-multi-dart\images\train\000613_Camera_Right.jpg'
00:39.344  render           | Saved: 'C:\Users\John\PycharmProjects\PythonProject\dataset-multi-dart\images\train\000614_Camera_Left.jpg'
00:39.625  render           | Saved: 'C:\Users\John\PycharmProjects\PythonProject\dataset-multi-dart\images\train\000614_Camera_Right.jpg'
00:39.891  render           | Saved: 'C:\Users\John\PycharmProjects\PythonProject\dataset-multi-dart\images\train\000615_Camera_Left.jpg'
00:39.984  render           | Saved: 'C:\Users\John\PycharmProjects\PythonProject\dataset-multi-dart\images\train\000615_Camera_Right.jpg'
00:40.078  render           | Saved: 'C:\Users\John\PycharmProjects\PythonProject\dataset-multi-dart\images\train\000616_Camera_Left.jpg'
00:40.187  render           | Saved: 'C:\Users\John\PycharmProjects\PythonProject\dataset-multi-dart\images\train\000616_Camera_Right.jpg'
00:40.266  render           | Saved: 'C:\Users\John\PycharmProjects\PythonProject\dataset-multi-dart\images\train\000617_Camera_Left.jpg'
00:40.344  render           | Saved: 'C:\Users\John\PycharmProjects\PythonProject\dataset-multi-dart\images\train\000617_Camera_Right.jpg'
00:40.469  render           | Saved: 'C:\Users\John\PycharmProjects\PythonProject\dataset-multi-dart\images\train\000618_Camera_Left.jpg'
00:40.562  render           | Saved: 'C:\Users\John\PycharmProjects\PythonProject\dataset-multi-dart\images\train\000618_Camera_Right.jpg'
00:40.656  render           | Saved: 'C:\Users\John\PycharmProjects\PythonProject\dataset-multi-dart\images\train\000619_Camera_Left.jpg'
00:40.781  render           | Saved: 'C:\Users\John\PycharmProjects\PythonProject\dataset-multi-dart\images\train\000619_Camera_Right.jpg'
00:40.859  render           | Saved: 'C:\Users\John\PycharmProjects\PythonProject\dataset-multi-dart\images\train\000620_Camera_Left.jpg'
00:41.156  render           | Saved: 'C:\Users\John\PycharmProjects\PythonProject\dataset-multi-dart\images\train\000620_Camera_Right.jpg'
00:41.469  render           | Saved: 'C:\Users\John\PycharmProjects\PythonProject\dataset-multi-dart\images\train\000621_Camera_Left.jpg'
00:41.531  render           | Saved: 'C:\Users\John\PycharmProjects\PythonProject\dataset-multi-dart\images\train\000621_Camera_Right.jpg'
00:41.594  render           | Saved: 'C:\Users\John\PycharmProjects\PythonProject\dataset-multi-dart\images\train\000622_Camera_Left.jpg'
00:41.781  render           | Saved: 'C:\Users\John\PycharmProjects\PythonProject\dataset-multi-dart\images\train\000622_Camera_Right.jpg'
00:41.891  render           | Saved: 'C:\Users\John\PycharmProjects\PythonProject\dataset-multi-dart\images\train\000623_Camera_Left.jpg'
00:42.016  render           | Saved: 'C:\Users\John\PycharmProjects\PythonProject\dataset-multi-dart\images\train\000623_Camera_Right.jpg'
00:42.125  render           | Saved: 'C:\Users\John\PycharmProjects\PythonProject\dataset-multi-dart\images\train\000624_Camera_Left.jpg'
00:42.219  render           | Saved: 'C:\Users\John\PycharmProjects\PythonProject\dataset-multi-dart\images\train\000624_Camera_Right.jpg'
00:42.344  render           | Saved: 'C:\Users\John\PycharmProjects\PythonProject\dataset-multi-dart\images\train\000625_Camera_Left.jpg'
00:42.594  render           | Saved: 'C:\Users\John\PycharmProjects\PythonProject\dataset-multi-dart\images\train\000625_Camera_Right.jpg'
00:42.828  render           | Saved: 'C:\Users\John\PycharmProjects\PythonProject\dataset-multi-dart\images\train\000626_Camera_Left.jpg'
00:42.937  render           | Saved: 'C:\Users\John\PycharmProjects\PythonProject\dataset-multi-dart\images\train\000626_Camera_Right.jpg'
00:43.047  render           | Saved: 'C:\Users\John\PycharmProjects\PythonProject\dataset-multi-dart\images\train\000627_Camera_Left.jpg'
00:43.172  render           | Saved: 'C:\Users\John\PycharmProjects\PythonProject\dataset-multi-dart\images\train\000627_Camera_Right.jpg'
00:43.297  render           | Saved: 'C:\Users\John\PycharmProjects\PythonProject\dataset-multi-dart\images\train\000628_Camera_Left.jpg'
00:43.516  render           | Saved: 'C:\Users\John\PycharmProjects\PythonProject\dataset-multi-dart\images\train\000628_Camera_Right.jpg'
00:43.781  render           | Saved: 'C:\Users\John\PycharmProjects\PythonProject\dataset-multi-dart\images\train\000629_Camera_Left.jpg'
00:43.891  render           | Saved: 'C:\Users\John\PycharmProjects\PythonProject\dataset-multi-dart\images\train\000629_Camera_Right.jpg'
00:44.000  render           | Saved: 'C:\Users\John\PycharmProjects\PythonProject\dataset-multi-dart\images\train\000630_Camera_Left.jpg'
00:44.141  render           | Saved: 'C:\Users\John\PycharmProjects\PythonProject\dataset-multi-dart\images\train\000630_Camera_Right.jpg'
00:44.219  render           | Saved: 'C:\Users\John\PycharmProjects\PythonProject\dataset-multi-dart\images\train\000631_Camera_Left.jpg'
00:44.469  render           | Saved: 'C:\Users\John\PycharmProjects\PythonProject\dataset-multi-dart\images\train\000631_Camera_Right.jpg'
00:44.734  render           | Saved: 'C:\Users\John\PycharmProjects\PythonProject\dataset-multi-dart\images\train\000632_Camera_Left.jpg'
00:44.812  render           | Saved: 'C:\Users\John\PycharmProjects\PythonProject\dataset-multi-dart\images\train\000632_Camera_Right.jpg'
00:44.891  render           | Saved: 'C:\Users\John\PycharmProjects\PythonProject\dataset-multi-dart\images\train\000633_Camera_Left.jpg'
00:44.969  render           | Saved: 'C:\Users\John\PycharmProjects\PythonProject\dataset-multi-dart\images\train\000633_Camera_Right.jpg'
00:45.062  render           | Saved: 'C:\Users\John\PycharmProjects\PythonProject\dataset-multi-dart\images\train\000634_Camera_Left.jpg'
00:45.172  render           | Saved: 'C:\Users\John\PycharmProjects\PythonProject\dataset-multi-dart\images\train\000634_Camera_Right.jpg'
00:45.266  render           | Saved: 'C:\Users\John\PycharmProjects\PythonProject\dataset-multi-dart\images\train\000635_Camera_Left.jpg'
00:45.500  render           | Saved: 'C:\Users\John\PycharmProjects\PythonProject\dataset-multi-dart\images\train\000635_Camera_Right.jpg'
00:45.719  render           | Saved: 'C:\Users\John\PycharmProjects\PythonProject\dataset-multi-dart\images\train\000636_Camera_Left.jpg'
00:45.781  render           | Saved: 'C:\Users\John\PycharmProjects\PythonProject\dataset-multi-dart\images\train\000636_Camera_Right.jpg'
00:45.906  render           | Saved: 'C:\Users\John\PycharmProjects\PythonProject\dataset-multi-dart\images\train\000637_Camera_Left.jpg'
00:46.141  render           | Saved: 'C:\Users\John\PycharmProjects\PythonProject\dataset-multi-dart\images\train\000637_Camera_Right.jpg'
00:46.453  render           | Saved: 'C:\Users\John\PycharmProjects\PythonProject\dataset-multi-dart\images\train\000638_Camera_Left.jpg'
00:46.547  render           | Saved: 'C:\Users\John\PycharmProjects\PythonProject\dataset-multi-dart\images\train\000638_Camera_Right.jpg'
00:46.672  render           | Saved: 'C:\Users\John\PycharmProjects\PythonProject\dataset-multi-dart\images\train\000639_Camera_Left.jpg'
00:46.828  render           | Saved: 'C:\Users\John\PycharmProjects\PythonProject\dataset-multi-dart\images\train\000639_Camera_Right.jpg'
00:46.969  render           | Saved: 'C:\Users\John\PycharmProjects\PythonProject\dataset-multi-dart\images\train\000640_Camera_Left.jpg'
00:47.109  render           | Saved: 'C:\Users\John\PycharmProjects\PythonProject\dataset-multi-dart\images\train\000640_Camera_Right.jpg'
00:47.219  render           | Saved: 'C:\Users\John\PycharmProjects\PythonProject\dataset-multi-dart\images\train\000641_Camera_Left.jpg'
00:47.312  render           | Saved: 'C:\Users\John\PycharmProjects\PythonProject\dataset-multi-dart\images\train\000641_Camera_Right.jpg'
00:47.422  render           | Saved: 'C:\Users\John\PycharmProjects\PythonProject\dataset-multi-dart\images\train\000642_Camera_Left.jpg'
00:47.516  render           | Saved: 'C:\Users\John\PycharmProjects\PythonProject\dataset-multi-dart\images\train\000642_Camera_Right.jpg'
00:47.609  render           | Saved: 'C:\Users\John\PycharmProjects\PythonProject\dataset-multi-dart\images\train\000643_Camera_Left.jpg'
00:47.703  render           | Saved: 'C:\Users\John\PycharmProjects\PythonProject\dataset-multi-dart\images\train\000643_Camera_Right.jpg'
00:47.812  render           | Saved: 'C:\Users\John\PycharmProjects\PythonProject\dataset-multi-dart\images\train\000644_Camera_Left.jpg'
00:48.078  render           | Saved: 'C:\Users\John\PycharmProjects\PythonProject\dataset-multi-dart\images\train\000644_Camera_Right.jpg'
00:48.344  render           | Saved: 'C:\Users\John\PycharmProjects\PythonProject\dataset-multi-dart\images\train\000645_Camera_Left.jpg'
00:48.594  render           | Saved: 'C:\Users\John\PycharmProjects\PythonProject\dataset-multi-dart\images\train\000645_Camera_Right.jpg'
00:48.859  render           | Saved: 'C:\Users\John\PycharmProjects\PythonProject\dataset-multi-dart\images\train\000646_Camera_Left.jpg'
00:49.172  render           | Saved: 'C:\Users\John\PycharmProjects\PythonProject\dataset-multi-dart\images\train\000646_Camera_Right.jpg'
00:49.484  render           | Saved: 'C:\Users\John\PycharmProjects\PythonProject\dataset-multi-dart\images\train\000647_Camera_Left.jpg'
00:49.609  render           | Saved: 'C:\Users\John\PycharmProjects\PythonProject\dataset-multi-dart\images\train\000647_Camera_Right.jpg'
00:49.734  render           | Saved: 'C:\Users\John\PycharmProjects\PythonProject\dataset-multi-dart\images\train\000648_Camera_Left.jpg'
00:49.844  render           | Saved: 'C:\Users\John\PycharmProjects\PythonProject\dataset-multi-dart\images\train\000648_Camera_Right.jpg'
00:49.953  render           | Saved: 'C:\Users\John\PycharmProjects\PythonProject\dataset-multi-dart\images\train\000649_Camera_Left.jpg'
00:50.062  render           | Saved: 'C:\Users\John\PycharmProjects\PythonProject\dataset-multi-dart\images\train\000649_Camera_Right.jpg'
00:50.141  render           | Saved: 'C:\Users\John\PycharmProjects\PythonProject\dataset-multi-dart\images\train\000650_Camera_Left.jpg'
00:50.250  render           | Saved: 'C:\Users\John\PycharmProjects\PythonProject\dataset-multi-dart\images\train\000650_Camera_Right.jpg'
00:50.375  render           | Saved: 'C:\Users\John\PycharmProjects\PythonProject\dataset-multi-dart\images\train\000651_Camera_Left.jpg'
00:50.469  render           | Saved: 'C:\Users\John\PycharmProjects\PythonProject\dataset-multi-dart\images\train\000651_Camera_Right.jpg'
00:50.594  render           | Saved: 'C:\Users\John\PycharmProjects\PythonProject\dataset-multi-dart\images\train\000652_Camera_Left.jpg'
00:50.719  render           | Saved: 'C:\Users\John\PycharmProjects\PythonProject\dataset-multi-dart\images\train\000652_Camera_Right.jpg'
00:50.859  render           | Saved: 'C:\Users\John\PycharmProjects\PythonProject\dataset-multi-dart\images\train\000653_Camera_Left.jpg'
00:50.937  render           | Saved: 'C:\Users\John\PycharmProjects\PythonProject\dataset-multi-dart\images\train\000653_Camera_Right.jpg'
00:51.031  render           | Saved: 'C:\Users\John\PycharmProjects\PythonProject\dataset-multi-dart\images\train\000654_Camera_Left.jpg'
00:51.156  render           | Saved: 'C:\Users\John\PycharmProjects\PythonProject\dataset-multi-dart\images\train\000654_Camera_Right.jpg'
00:51.250  render           | Saved: 'C:\Users\John\PycharmProjects\PythonProject\dataset-multi-dart\images\train\000655_Camera_Left.jpg'
00:51.328  render           | Saved: 'C:\Users\John\PycharmProjects\PythonProject\dataset-multi-dart\images\train\000655_Camera_Right.jpg'
00:51.453  render           | Saved: 'C:\Users\John\PycharmProjects\PythonProject\dataset-multi-dart\images\train\000656_Camera_Left.jpg'
00:51.594  render           | Saved: 'C:\Users\John\PycharmProjects\PythonProject\dataset-multi-dart\images\train\000656_Camera_Right.jpg'
00:51.687  render           | Saved: 'C:\Users\John\PycharmProjects\PythonProject\dataset-multi-dart\images\train\000657_Camera_Left.jpg'
00:51.797  render           | Saved: 'C:\Users\John\PycharmProjects\PythonProject\dataset-multi-dart\images\train\000657_Camera_Right.jpg'
00:51.906  render           | Saved: 'C:\Users\John\PycharmProjects\PythonProject\dataset-multi-dart\images\train\000658_Camera_Left.jpg'
00:52.016  render           | Saved: 'C:\Users\John\PycharmProjects\PythonProject\dataset-multi-dart\images\train\000658_Camera_Right.jpg'
00:52.125  render           | Saved: 'C:\Users\John\PycharmProjects\PythonProject\dataset-multi-dart\images\train\000659_Camera_Left.jpg'
00:52.250  render           | Saved: 'C:\Users\John\PycharmProjects\PythonProject\dataset-multi-dart\images\train\000659_Camera_Right.jpg'
00:52.375  render           | Saved: 'C:\Users\John\PycharmProjects\PythonProject\dataset-multi-dart\images\train\000660_Camera_Left.jpg'
00:52.641  render           | Saved: 'C:\Users\John\PycharmProjects\PythonProject\dataset-multi-dart\images\train\000660_Camera_Right.jpg'
00:52.875  render           | Saved: 'C:\Users\John\PycharmProjects\PythonProject\dataset-multi-dart\images\train\000661_Camera_Left.jpg'
00:53.156  render           | Saved: 'C:\Users\John\PycharmProjects\PythonProject\dataset-multi-dart\images\train\000661_Camera_Right.jpg'
00:53.375  render           | Saved: 'C:\Users\John\PycharmProjects\PythonProject\dataset-multi-dart\images\train\000662_Camera_Left.jpg'
00:53.453  render           | Saved: 'C:\Users\John\PycharmProjects\PythonProject\dataset-multi-dart\images\train\000662_Camera_Right.jpg'
00:53.562  render           | Saved: 'C:\Users\John\PycharmProjects\PythonProject\dataset-multi-dart\images\train\000663_Camera_Left.jpg'
00:53.672  render           | Saved: 'C:\Users\John\PycharmProjects\PythonProject\dataset-multi-dart\images\train\000663_Camera_Right.jpg'
00:53.766  render           | Saved: 'C:\Users\John\PycharmProjects\PythonProject\dataset-multi-dart\images\train\000664_Camera_Left.jpg'
00:53.859  render           | Saved: 'C:\Users\John\PycharmProjects\PythonProject\dataset-multi-dart\images\train\000664_Camera_Right.jpg'
00:53.937  render           | Saved: 'C:\Users\John\PycharmProjects\PythonProject\dataset-multi-dart\images\train\000665_Camera_Left.jpg'
00:54.031  render           | Saved: 'C:\Users\John\PycharmProjects\PythonProject\dataset-multi-dart\images\train\000665_Camera_Right.jpg'
00:54.094  render           | Saved: 'C:\Users\John\PycharmProjects\PythonProject\dataset-multi-dart\images\train\000666_Camera_Left.jpg'
00:54.203  render           | Saved: 'C:\Users\John\PycharmProjects\PythonProject\dataset-multi-dart\images\train\000666_Camera_Right.jpg'
00:54.297  render           | Saved: 'C:\Users\John\PycharmProjects\PythonProject\dataset-multi-dart\images\train\000667_Camera_Left.jpg'
00:54.375  render           | Saved: 'C:\Users\John\PycharmProjects\PythonProject\dataset-multi-dart\images\train\000667_Camera_Right.jpg'
00:54.484  render           | Saved: 'C:\Users\John\PycharmProjects\PythonProject\dataset-multi-dart\images\train\000668_Camera_Left.jpg'
00:54.594  render           | Saved: 'C:\Users\John\PycharmProjects\PythonProject\dataset-multi-dart\images\train\000668_Camera_Right.jpg'
00:54.734  render           | Saved: 'C:\Users\John\PycharmProjects\PythonProject\dataset-multi-dart\images\train\000669_Camera_Left.jpg'
00:54.828  render           | Saved: 'C:\Users\John\PycharmProjects\PythonProject\dataset-multi-dart\images\train\000669_Camera_Right.jpg'
00:54.937  render           | Saved: 'C:\Users\John\PycharmProjects\PythonProject\dataset-multi-dart\images\train\000670_Camera_Left.jpg'
00:55.219  render           | Saved: 'C:\Users\John\PycharmProjects\PythonProject\dataset-multi-dart\images\train\000670_Camera_Right.jpg'
00:55.484  render           | Saved: 'C:\Users\John\PycharmProjects\PythonProject\dataset-multi-dart\images\train\000671_Camera_Left.jpg'
00:55.578  render           | Saved: 'C:\Users\John\PycharmProjects\PythonProject\dataset-multi-dart\images\train\000671_Camera_Right.jpg'
00:55.687  render           | Saved: 'C:\Users\John\PycharmProjects\PythonProject\dataset-multi-dart\images\train\000672_Camera_Left.jpg'
00:55.781  render           | Saved: 'C:\Users\John\PycharmProjects\PythonProject\dataset-multi-dart\images\train\000672_Camera_Right.jpg'
00:55.875  render           | Saved: 'C:\Users\John\PycharmProjects\PythonProject\dataset-multi-dart\images\train\000673_Camera_Left.jpg'
00:56.031  render           | Saved: 'C:\Users\John\PycharmProjects\PythonProject\dataset-multi-dart\images\train\000673_Camera_Right.jpg'
00:56.187  render           | Saved: 'C:\Users\John\PycharmProjects\PythonProject\dataset-multi-dart\images\train\000674_Camera_Left.jpg'
00:56.687  render           | Saved: 'C:\Users\John\PycharmProjects\PythonProject\dataset-multi-dart\images\train\000674_Camera_Right.jpg'
00:57.109  render           | Saved: 'C:\Users\John\PycharmProjects\PythonProject\dataset-multi-dart\images\train\000675_Camera_Left.jpg'
00:57.297  render           | Saved: 'C:\Users\John\PycharmProjects\PythonProject\dataset-multi-dart\images\train\000675_Camera_Right.jpg'
00:57.406  render           | Saved: 'C:\Users\John\PycharmProjects\PythonProject\dataset-multi-dart\images\train\000676_Camera_Left.jpg'
00:57.469  render           | Saved: 'C:\Users\John\PycharmProjects\PythonProject\dataset-multi-dart\images\train\000676_Camera_Right.jpg'
00:57.594  render           | Saved: 'C:\Users\John\PycharmProjects\PythonProject\dataset-multi-dart\images\train\000677_Camera_Left.jpg'
00:57.844  render           | Saved: 'C:\Users\John\PycharmProjects\PythonProject\dataset-multi-dart\images\train\000677_Camera_Right.jpg'
00:58.156  render           | Saved: 'C:\Users\John\PycharmProjects\PythonProject\dataset-multi-dart\images\train\000678_Camera_Left.jpg'
00:58.312  render           | Saved: 'C:\Users\John\PycharmProjects\PythonProject\dataset-multi-dart\images\train\000678_Camera_Right.jpg'
00:58.422  render           | Saved: 'C:\Users\John\PycharmProjects\PythonProject\dataset-multi-dart\images\train\000679_Camera_Left.jpg'
00:58.531  render           | Saved: 'C:\Users\John\PycharmProjects\PythonProject\dataset-multi-dart\images\train\000679_Camera_Right.jpg'
00:58.672  render           | Saved: 'C:\Users\John\PycharmProjects\PythonProject\dataset-multi-dart\images\train\000680_Camera_Left.jpg'
00:58.781  render           | Saved: 'C:\Users\John\PycharmProjects\PythonProject\dataset-multi-dart\images\train\000680_Camera_Right.jpg'
00:58.891  render           | Saved: 'C:\Users\John\PycharmProjects\PythonProject\dataset-multi-dart\images\train\000681_Camera_Left.jpg'
00:59.016  render           | Saved: 'C:\Users\John\PycharmProjects\PythonProject\dataset-multi-dart\images\train\000681_Camera_Right.jpg'
00:59.141  render           | Saved: 'C:\Users\John\PycharmProjects\PythonProject\dataset-multi-dart\images\train\000682_Camera_Left.jpg'
00:59.281  render           | Saved: 'C:\Users\John\PycharmProjects\PythonProject\dataset-multi-dart\images\train\000682_Camera_Right.jpg'
00:59.437  render           | Saved: 'C:\Users\John\PycharmProjects\PythonProject\dataset-multi-dart\images\train\000683_Camera_Left.jpg'
00:59.547  render           | Saved: 'C:\Users\John\PycharmProjects\PythonProject\dataset-multi-dart\images\train\000683_Camera_Right.jpg'
00:59.656  render           | Saved: 'C:\Users\John\PycharmProjects\PythonProject\dataset-multi-dart\images\train\000684_Camera_Left.jpg'
00:59.953  render           | Saved: 'C:\Users\John\PycharmProjects\PythonProject\dataset-multi-dart\images\train\000684_Camera_Right.jpg'
01:00.219  render           | Saved: 'C:\Users\John\PycharmProjects\PythonProject\dataset-multi-dart\images\train\000685_Camera_Left.jpg'
01:00.469  render           | Saved: 'C:\Users\John\PycharmProjects\PythonProject\dataset-multi-dart\images\train\000685_Camera_Right.jpg'
01:00.719  render           | Saved: 'C:\Users\John\PycharmProjects\PythonProject\dataset-multi-dart\images\train\000686_Camera_Left.jpg'
01:00.844  render           | Saved: 'C:\Users\John\PycharmProjects\PythonProject\dataset-multi-dart\images\train\000686_Camera_Right.jpg'
01:00.969  render           | Saved: 'C:\Users\John\PycharmProjects\PythonProject\dataset-multi-dart\images\train\000687_Camera_Left.jpg'
01:01.062  render           | Saved: 'C:\Users\John\PycharmProjects\PythonProject\dataset-multi-dart\images\train\000687_Camera_Right.jpg'
01:01.172  render           | Saved: 'C:\Users\John\PycharmProjects\PythonProject\dataset-multi-dart\images\train\000688_Camera_Left.jpg'
01:01.406  render           | Saved: 'C:\Users\John\PycharmProjects\PythonProject\dataset-multi-dart\images\train\000688_Camera_Right.jpg'
01:01.672  render           | Saved: 'C:\Users\John\PycharmProjects\PythonProject\dataset-multi-dart\images\train\000689_Camera_Left.jpg'
01:01.766  render           | Saved: 'C:\Users\John\PycharmProjects\PythonProject\dataset-multi-dart\images\train\000689_Camera_Right.jpg'
01:01.875  render           | Saved: 'C:\Users\John\PycharmProjects\PythonProject\dataset-multi-dart\images\train\000690_Camera_Left.jpg'
01:02.266  render           | Saved: 'C:\Users\John\PycharmProjects\PythonProject\dataset-multi-dart\images\train\000690_Camera_Right.jpg'
01:02.547  render           | Saved: 'C:\Users\John\PycharmProjects\PythonProject\dataset-multi-dart\images\train\000691_Camera_Left.jpg'
01:02.797  render           | Saved: 'C:\Users\John\PycharmProjects\PythonProject\dataset-multi-dart\images\train\000691_Camera_Right.jpg'
01:03.047  render           | Saved: 'C:\Users\John\PycharmProjects\PythonProject\dataset-multi-dart\images\train\000692_Camera_Left.jpg'
01:03.156  render           | Saved: 'C:\Users\John\PycharmProjects\PythonProject\dataset-multi-dart\images\train\000692_Camera_Right.jpg'
01:03.281  render           | Saved: 'C:\Users\John\PycharmProjects\PythonProject\dataset-multi-dart\images\train\000693_Camera_Left.jpg'
01:03.375  render           | Saved: 'C:\Users\John\PycharmProjects\PythonProject\dataset-multi-dart\images\train\000693_Camera_Right.jpg'
01:03.469  render           | Saved: 'C:\Users\John\PycharmProjects\PythonProject\dataset-multi-dart\images\train\000694_Camera_Left.jpg'
01:03.609  render           | Saved: 'C:\Users\John\PycharmProjects\PythonProject\dataset-multi-dart\images\train\000694_Camera_Right.jpg'
01:03.781  render           | Saved: 'C:\Users\John\PycharmProjects\PythonProject\dataset-multi-dart\images\train\000695_Camera_Left.jpg'
01:04.047  render           | Saved: 'C:\Users\John\PycharmProjects\PythonProject\dataset-multi-dart\images\train\000695_Camera_Right.jpg'
01:04.312  render           | Saved: 'C:\Users\John\PycharmProjects\PythonProject\dataset-multi-dart\images\train\000696_Camera_Left.jpg'
01:04.406  render           | Saved: 'C:\Users\John\PycharmProjects\PythonProject\dataset-multi-dart\images\train\000696_Camera_Right.jpg'
01:04.500  render           | Saved: 'C:\Users\John\PycharmProjects\PythonProject\dataset-multi-dart\images\train\000697_Camera_Left.jpg'
01:04.734  render           | Saved: 'C:\Users\John\PycharmProjects\PythonProject\dataset-multi-dart\images\train\000697_Camera_Right.jpg'
01:05.000  render           | Saved: 'C:\Users\John\PycharmProjects\PythonProject\dataset-multi-dart\images\train\000698_Camera_Left.jpg'
01:05.109  render           | Saved: 'C:\Users\John\PycharmProjects\PythonProject\dataset-multi-dart\images\train\000698_Camera_Right.jpg'
01:05.234  render           | Saved: 'C:\Users\John\PycharmProjects\PythonProject\dataset-multi-dart\images\train\000699_Camera_Left.jpg'
01:05.375  render           | Saved: 'C:\Users\John\PycharmProjects\PythonProject\dataset-multi-dart\images\train\000699_Camera_Right.jpg'
01:05.500  render           | Saved: 'C:\Users\John\PycharmProjects\PythonProject\dataset-multi-dart\images\train\000700_Camera_Left.jpg'
01:05.734  render           | Saved: 'C:\Users\John\PycharmProjects\PythonProject\dataset-multi-dart\images\train\000700_Camera_Right.jpg'
01:06.016  render           | Saved: 'C:\Users\John\PycharmProjects\PythonProject\dataset-multi-dart\images\train\000701_Camera_Left.jpg'
01:06.125  render           | Saved: 'C:\Users\John\PycharmProjects\PythonProject\dataset-multi-dart\images\train\000701_Camera_Right.jpg'
01:06.234  render           | Saved: 'C:\Users\John\PycharmProjects\PythonProject\dataset-multi-dart\images\train\000702_Camera_Left.jpg'
01:06.500  render           | Saved: 'C:\Users\John\PycharmProjects\PythonProject\dataset-multi-dart\images\train\000702_Camera_Right.jpg'
01:06.797  render           | Saved: 'C:\Users\John\PycharmProjects\PythonProject\dataset-multi-dart\images\train\000703_Camera_Left.jpg'
01:07.141  render           | Saved: 'C:\Users\John\PycharmProjects\PythonProject\dataset-multi-dart\images\train\000703_Camera_Right.jpg'
01:07.422  render           | Saved: 'C:\Users\John\PycharmProjects\PythonProject\dataset-multi-dart\images\train\000704_Camera_Left.jpg'
01:07.516  render           | Saved: 'C:\Users\John\PycharmProjects\PythonProject\dataset-multi-dart\images\train\000704_Camera_Right.jpg'
01:07.609  render           | Saved: 'C:\Users\John\PycharmProjects\PythonProject\dataset-multi-dart\images\train\000705_Camera_Left.jpg'
01:07.719  render           | Saved: 'C:\Users\John\PycharmProjects\PythonProject\dataset-multi-dart\images\train\000705_Camera_Right.jpg'
01:07.844  render           | Saved: 'C:\Users\John\PycharmProjects\PythonProject\dataset-multi-dart\images\train\000706_Camera_Left.jpg'
01:07.953  render           | Saved: 'C:\Users\John\PycharmProjects\PythonProject\dataset-multi-dart\images\train\000706_Camera_Right.jpg'
01:08.078  render           | Saved: 'C:\Users\John\PycharmProjects\PythonProject\dataset-multi-dart\images\train\000707_Camera_Left.jpg'
01:08.172  render           | Saved: 'C:\Users\John\PycharmProjects\PythonProject\dataset-multi-dart\images\train\000707_Camera_Right.jpg'
01:08.281  render           | Saved: 'C:\Users\John\PycharmProjects\PythonProject\dataset-multi-dart\images\train\000708_Camera_Left.jpg'
01:08.359  render           | Saved: 'C:\Users\John\PycharmProjects\PythonProject\dataset-multi-dart\images\train\000708_Camera_Right.jpg'
01:08.453  render           | Saved: 'C:\Users\John\PycharmProjects\PythonProject\dataset-multi-dart\images\train\000709_Camera_Left.jpg'
01:08.719  render           | Saved: 'C:\Users\John\PycharmProjects\PythonProject\dataset-multi-dart\images\train\000709_Camera_Right.jpg'
01:09.031  render           | Saved: 'C:\Users\John\PycharmProjects\PythonProject\dataset-multi-dart\images\train\000710_Camera_Left.jpg'
01:09.125  render           | Saved: 'C:\Users\John\PycharmProjects\PythonProject\dataset-multi-dart\images\train\000710_Camera_Right.jpg'
01:09.203  render           | Saved: 'C:\Users\John\PycharmProjects\PythonProject\dataset-multi-dart\images\train\000711_Camera_Left.jpg'
01:09.297  render           | Saved: 'C:\Users\John\PycharmProjects\PythonProject\dataset-multi-dart\images\train\000711_Camera_Right.jpg'
01:09.391  render           | Saved: 'C:\Users\John\PycharmProjects\PythonProject\dataset-multi-dart\images\train\000712_Camera_Left.jpg'
01:09.469  render           | Saved: 'C:\Users\John\PycharmProjects\PythonProject\dataset-multi-dart\images\train\000712_Camera_Right.jpg'
01:09.578  render           | Saved: 'C:\Users\John\PycharmProjects\PythonProject\dataset-multi-dart\images\train\000713_Camera_Left.jpg'
01:09.656  render           | Saved: 'C:\Users\John\PycharmProjects\PythonProject\dataset-multi-dart\images\train\000713_Camera_Right.jpg'
01:09.750  render           | Saved: 'C:\Users\John\PycharmProjects\PythonProject\dataset-multi-dart\images\train\000714_Camera_Left.jpg'
01:10.016  render           | Saved: 'C:\Users\John\PycharmProjects\PythonProject\dataset-multi-dart\images\train\000714_Camera_Right.jpg'
01:10.297  render           | Saved: 'C:\Users\John\PycharmProjects\PythonProject\dataset-multi-dart\images\train\000715_Camera_Left.jpg'
01:10.391  render           | Saved: 'C:\Users\John\PycharmProjects\PythonProject\dataset-multi-dart\images\train\000715_Camera_Right.jpg'
01:10.500  render           | Saved: 'C:\Users\John\PycharmProjects\PythonProject\dataset-multi-dart\images\train\000716_Camera_Left.jpg'
01:10.609  render           | Saved: 'C:\Users\John\PycharmProjects\PythonProject\dataset-multi-dart\images\train\000716_Camera_Right.jpg'
01:10.734  render           | Saved: 'C:\Users\John\PycharmProjects\PythonProject\dataset-multi-dart\images\train\000717_Camera_Left.jpg'
01:10.891  render           | Saved: 'C:\Users\John\PycharmProjects\PythonProject\dataset-multi-dart\images\train\000717_Camera_Right.jpg'
01:11.016  render           | Saved: 'C:\Users\John\PycharmProjects\PythonProject\dataset-multi-dart\images\train\000718_Camera_Left.jpg'
01:11.297  render           | Saved: 'C:\Users\John\PycharmProjects\PythonProject\dataset-multi-dart\images\train\000718_Camera_Right.jpg'
01:11.578  render           | Saved: 'C:\Users\John\PycharmProjects\PythonProject\dataset-multi-dart\images\train\000719_Camera_Left.jpg'
01:11.672  render           | Saved: 'C:\Users\John\PycharmProjects\PythonProject\dataset-multi-dart\images\train\000719_Camera_Right.jpg'
01:11.750  render           | Saved: 'C:\Users\John\PycharmProjects\PythonProject\dataset-multi-dart\images\train\000720_Camera_Left.jpg'
01:11.828  render           | Saved: 'C:\Users\John\PycharmProjects\PythonProject\dataset-multi-dart\images\train\000720_Camera_Right.jpg'
01:11.922  render           | Saved: 'C:\Users\John\PycharmProjects\PythonProject\dataset-multi-dart\images\train\000721_Camera_Left.jpg'
01:12.156  render           | Saved: 'C:\Users\John\PycharmProjects\PythonProject\dataset-multi-dart\images\train\000721_Camera_Right.jpg'
01:12.422  render           | Saved: 'C:\Users\John\PycharmProjects\PythonProject\dataset-multi-dart\images\train\000722_Camera_Left.jpg'
01:12.719  render           | Saved: 'C:\Users\John\PycharmProjects\PythonProject\dataset-multi-dart\images\train\000722_Camera_Right.jpg'
01:13.000  render           | Saved: 'C:\Users\John\PycharmProjects\PythonProject\dataset-multi-dart\images\train\000723_Camera_Left.jpg'
01:13.094  render           | Saved: 'C:\Users\John\PycharmProjects\PythonProject\dataset-multi-dart\images\train\000723_Camera_Right.jpg'
01:13.187  render           | Saved: 'C:\Users\John\PycharmProjects\PythonProject\dataset-multi-dart\images\train\000724_Camera_Left.jpg'
01:13.297  render           | Saved: 'C:\Users\John\PycharmProjects\PythonProject\dataset-multi-dart\images\train\000724_Camera_Right.jpg'
01:13.391  render           | Saved: 'C:\Users\John\PycharmProjects\PythonProject\dataset-multi-dart\images\val\000725_Camera_Left.jpg'
01:13.469  render           | Saved: 'C:\Users\John\PycharmProjects\PythonProject\dataset-multi-dart\images\val\000725_Camera_Right.jpg'
01:13.562  render           | Saved: 'C:\Users\John\PycharmProjects\PythonProject\dataset-multi-dart\images\val\000726_Camera_Left.jpg'
01:13.656  render           | Saved: 'C:\Users\John\PycharmProjects\PythonProject\dataset-multi-dart\images\val\000726_Camera_Right.jpg'
01:13.734  render           | Saved: 'C:\Users\John\PycharmProjects\PythonProject\dataset-multi-dart\images\val\000727_Camera_Left.jpg'
01:13.828  render           | Saved: 'C:\Users\John\PycharmProjects\PythonProject\dataset-multi-dart\images\val\000727_Camera_Right.jpg'
01:13.937  render           | Saved: 'C:\Users\John\PycharmProjects\PythonProject\dataset-multi-dart\images\val\000728_Camera_Left.jpg'
01:14.266  render           | Saved: 'C:\Users\John\PycharmProjects\PythonProject\dataset-multi-dart\images\val\000728_Camera_Right.jpg'
01:14.516  render           | Saved: 'C:\Users\John\PycharmProjects\PythonProject\dataset-multi-dart\images\val\000729_Camera_Left.jpg'
01:14.750  render           | Saved: 'C:\Users\John\PycharmProjects\PythonProject\dataset-multi-dart\images\val\000729_Camera_Right.jpg'
01:14.984  render           | Saved: 'C:\Users\John\PycharmProjects\PythonProject\dataset-multi-dart\images\val\000730_Camera_Left.jpg'
01:15.078  render           | Saved: 'C:\Users\John\PycharmProjects\PythonProject\dataset-multi-dart\images\val\000730_Camera_Right.jpg'
01:15.156  render           | Saved: 'C:\Users\John\PycharmProjects\PythonProject\dataset-multi-dart\images\val\000731_Camera_Left.jpg'
01:15.281  render           | Saved: 'C:\Users\John\PycharmProjects\PythonProject\dataset-multi-dart\images\val\000731_Camera_Right.jpg'
01:15.391  render           | Saved: 'C:\Users\John\PycharmProjects\PythonProject\dataset-multi-dart\images\val\000732_Camera_Left.jpg'
01:15.516  render           | Saved: 'C:\Users\John\PycharmProjects\PythonProject\dataset-multi-dart\images\val\000732_Camera_Right.jpg'
01:15.594  render           | Saved: 'C:\Users\John\PycharmProjects\PythonProject\dataset-multi-dart\images\val\000733_Camera_Left.jpg'
01:15.844  render           | Saved: 'C:\Users\John\PycharmProjects\PythonProject\dataset-multi-dart\images\val\000733_Camera_Right.jpg'
01:16.156  render           | Saved: 'C:\Users\John\PycharmProjects\PythonProject\dataset-multi-dart\images\val\000734_Camera_Left.jpg'
01:16.422  render           | Saved: 'C:\Users\John\PycharmProjects\PythonProject\dataset-multi-dart\images\val\000734_Camera_Right.jpg'
01:16.656  render           | Saved: 'C:\Users\John\PycharmProjects\PythonProject\dataset-multi-dart\images\val\000735_Camera_Left.jpg'
01:16.766  render           | Saved: 'C:\Users\John\PycharmProjects\PythonProject\dataset-multi-dart\images\val\000735_Camera_Right.jpg'
01:16.875  render           | Saved: 'C:\Users\John\PycharmProjects\PythonProject\dataset-multi-dart\images\val\000736_Camera_Left.jpg'
01:16.984  render           | Saved: 'C:\Users\John\PycharmProjects\PythonProject\dataset-multi-dart\images\val\000736_Camera_Right.jpg'
01:17.062  render           | Saved: 'C:\Users\John\PycharmProjects\PythonProject\dataset-multi-dart\images\val\000737_Camera_Left.jpg'
01:17.141  render           | Saved: 'C:\Users\John\PycharmProjects\PythonProject\dataset-multi-dart\images\val\000737_Camera_Right.jpg'
01:17.234  render           | Saved: 'C:\Users\John\PycharmProjects\PythonProject\dataset-multi-dart\images\val\000738_Camera_Left.jpg'
01:17.328  render           | Saved: 'C:\Users\John\PycharmProjects\PythonProject\dataset-multi-dart\images\val\000738_Camera_Right.jpg'
01:17.406  render           | Saved: 'C:\Users\John\PycharmProjects\PythonProject\dataset-multi-dart\images\val\000739_Camera_Left.jpg'
01:17.484  render           | Saved: 'C:\Users\John\PycharmProjects\PythonProject\dataset-multi-dart\images\val\000739_Camera_Right.jpg'
01:17.547  render           | Saved: 'C:\Users\John\PycharmProjects\PythonProject\dataset-multi-dart\images\val\000740_Camera_Left.jpg'
01:17.625  render           | Saved: 'C:\Users\John\PycharmProjects\PythonProject\dataset-multi-dart\images\val\000740_Camera_Right.jpg'
01:17.703  render           | Saved: 'C:\Users\John\PycharmProjects\PythonProject\dataset-multi-dart\images\val\000741_Camera_Left.jpg'
01:17.969  render           | Saved: 'C:\Users\John\PycharmProjects\PythonProject\dataset-multi-dart\images\val\000741_Camera_Right.jpg'
01:18.203  render           | Saved: 'C:\Users\John\PycharmProjects\PythonProject\dataset-multi-dart\images\val\000742_Camera_Left.jpg'
01:18.266  render           | Saved: 'C:\Users\John\PycharmProjects\PythonProject\dataset-multi-dart\images\val\000742_Camera_Right.jpg'
01:18.328  render           | Saved: 'C:\Users\John\PycharmProjects\PythonProject\dataset-multi-dart\images\val\000743_Camera_Left.jpg'
01:18.391  render           | Saved: 'C:\Users\John\PycharmProjects\PythonProject\dataset-multi-dart\images\val\000743_Camera_Right.jpg'
01:18.484  render           | Saved: 'C:\Users\John\PycharmProjects\PythonProject\dataset-multi-dart\images\val\000744_Camera_Left.jpg'
01:18.562  render           | Saved: 'C:\Users\John\PycharmProjects\PythonProject\dataset-multi-dart\images\val\000744_Camera_Right.jpg'
01:18.687  render           | Saved: 'C:\Users\John\PycharmProjects\PythonProject\dataset-multi-dart\images\val\000745_Camera_Left.jpg'
01:18.797  render           | Saved: 'C:\Users\John\PycharmProjects\PythonProject\dataset-multi-dart\images\val\000745_Camera_Right.jpg'
01:18.906  render           | Saved: 'C:\Users\John\PycharmProjects\PythonProject\dataset-multi-dart\images\val\000746_Camera_Left.jpg'
01:19.016  render           | Saved: 'C:\Users\John\PycharmProjects\PythonProject\dataset-multi-dart\images\val\000746_Camera_Right.jpg'
01:19.109  render           | Saved: 'C:\Users\John\PycharmProjects\PythonProject\dataset-multi-dart\images\val\000747_Camera_Left.jpg'
01:19.312  render           | Saved: 'C:\Users\John\PycharmProjects\PythonProject\dataset-multi-dart\images\val\000747_Camera_Right.jpg'
01:19.516  render           | Saved: 'C:\Users\John\PycharmProjects\PythonProject\dataset-multi-dart\images\val\000748_Camera_Left.jpg'
01:19.594  render           | Saved: 'C:\Users\John\PycharmProjects\PythonProject\dataset-multi-dart\images\val\000748_Camera_Right.jpg'
01:19.656  render           | Saved: 'C:\Users\John\PycharmProjects\PythonProject\dataset-multi-dart\images\val\000749_Camera_Left.jpg'
01:19.734  render           | Saved: 'C:\Users\John\PycharmProjects\PythonProject\dataset-multi-dart\images\val\000749_Camera_Right.jpg'
Found dart: 11750_throwing_dart_v1_L3.002
Found 2 cameras: ['Camera Left', 'Camera Right']
Board radius: 26.7
All scene objects: ['11721_darboard_V4_L3', '11750_throwing_dart_v1_L3.002', 'Camera Left', 'Camera Right', 'Point', 'Point.001', 'Point.002']
Wrote C:\Users\John\PycharmProjects\PythonProject\dataset-multi-dart\dataset.yaml

Generating 250 samples (225 train, 25 val)
Rendering at 640x640 with EEVEE, 16 TAA samples
Dart count distribution: {0: 0.1, 1: 0.3, 2: 0.35, 3: 0.25}
Noise probability: 30%
Start index: 500

[10/250] 20 images, 0 failed, 4 negatives, 2.4 samples/s, ~2min remaining (train)
[20/250] 40 images, 0 failed, 5 negatives, 2.7 samples/s, ~1min remaining (train)
[30/250] 60 images, 0 failed, 6 negatives, 2.8 samples/s, ~1min remaining (train)
[40/250] 80 images, 0 failed, 6 negatives, 3.0 samples/s, ~1min remaining (train)
[50/250] 100 images, 0 failed, 7 negatives, 2.9 samples/s, ~1min remaining (train)
[60/250] 120 images, 0 failed, 8 negatives, 3.1 samples/s, ~1min remaining (train)
[70/250] 140 images, 0 failed, 9 negatives, 2.8 samples/s, ~1min remaining (train)
[80/250] 160 images, 0 failed, 10 negatives, 2.9 samples/s, ~1min remaining (train)
[90/250] 180 images, 0 failed, 13 negatives, 2.9 samples/s, ~1min remaining (train)
[100/250] 200 images, 0 failed, 13 negatives, 3.0 samples/s, ~1min remaining (train)
[110/250] 220 images, 0 failed, 14 negatives, 2.9 samples/s, ~1min remaining (train)
[120/250] 240 images, 0 failed, 14 negatives, 3.0 samples/s, ~1min remaining (train)
[130/250] 260 images, 0 failed, 16 negatives, 3.0 samples/s, ~1min remaining (train)
[140/250] 280 images, 0 failed, 16 negatives, 3.0 samples/s, ~1min remaining (train)
[150/250] 300 images, 0 failed, 17 negatives, 3.0 samples/s, ~1min remaining (train)
[160/250] 320 images, 0 failed, 20 negatives, 3.1 samples/s, ~0min remaining (train)
[170/250] 340 images, 0 failed, 21 negatives, 3.1 samples/s, ~0min remaining (train)
[180/250] 360 images, 0 failed, 22 negatives, 3.1 samples/s, ~0min remaining (train)
[190/250] 380 images, 0 failed, 25 negatives, 3.1 samples/s, ~0min remaining (train)
[200/250] 400 images, 0 failed, 25 negatives, 3.1 samples/s, ~0min remaining (train)
[210/250] 420 images, 0 failed, 26 negatives, 3.1 samples/s, ~0min remaining (train)
[220/250] 440 images, 0 failed, 27 negatives, 3.1 samples/s, ~0min remaining (train)
[230/250] 460 images, 0 failed, 29 negatives, 3.1 samples/s, ~0min remaining (val)
[240/250] 480 images, 0 failed, 29 negatives, 3.1 samples/s, ~0min remaining (val)
[250/250] 500 images, 0 failed, 30 negatives, 3.1 samples/s, ~0min remaining (val)

Done! Generated 500 images in 1.3 minutes
  Skipped (resume): 0
  Failed (no valid annotation): 0
  Negative samples (0 darts): 30
  Output: C:\Users\John\PycharmProjects\PythonProject\dataset-multi-dart
Blender 5.0.1 (hash a3db93c5b259 built 2025-12-16 01:32:30)

Blender quit
